<?xml version="1.0" encoding="UTF-8"?>
<robot generator="Robot 4.1 (Python 3.9.7 on win32)" generated="20210909 09:55:34.191" rpa="false" schemaversion="2">
<suite id="s1" name="TestClientDelay" source="C:\Users\osidelnyk\PycharmProjects\TestProject\Tests\UitestingplaygroundTest\UItest\TestClientDelay.robot">
<test id="s1-t1" name="Check text displayed after click button">
<kw name="Given Site http://uitestingplayground.com/clientdelay is open" library="BindingsTestClientDelay">
<kw name="Open Browser" library="SeleniumLibrary">
<arg>${url}</arg>
<arg>${browser}</arg>
<doc>Opens a new browser instance to the optional ``url``.</doc>
<msg timestamp="20210909 09:55:34.407" level="INFO">Opening browser 'chrome' to base url 'http://uitestingplayground.com/clientdelay'.</msg>
<status status="PASS" starttime="20210909 09:55:34.407" endtime="20210909 09:55:36.380"/>
</kw>
<status status="PASS" starttime="20210909 09:55:34.407" endtime="20210909 09:55:36.380"/>
</kw>
<kw name="When I click on &quot;Button Triggering Client Side Logic&quot; button" library="BindingsTestClientDelay">
<kw name="Click Button" library="SeleniumLibrary">
<arg>${button}</arg>
<doc>Clicks the button identified by ``locator``.</doc>
<msg timestamp="20210909 09:55:36.381" level="INFO">Clicking button '//button[@id='ajaxButton']'.</msg>
<status status="PASS" starttime="20210909 09:55:36.381" endtime="20210909 09:55:36.443"/>
</kw>
<status status="PASS" starttime="20210909 09:55:36.381" endtime="20210909 09:55:36.443"/>
</kw>
<kw name="Then I wait 15 seconds until the text &quot;Data calculated on the client side.&quot; appears under the button" library="BindingsTestClientDelay">
<kw name="Wait Until Page Contains" library="SeleniumLibrary">
<arg>${timeout}</arg>
<arg>${appearstext}</arg>
<doc>Waits until ``text`` appears on the current page.</doc>
<msg timestamp="20210909 09:55:36.446" level="FAIL">ValueError: Argument 'timeout' got value 'Data calculated on the client side.' that cannot be converted to timedelta or None.</msg>
<status status="FAIL" starttime="20210909 09:55:36.445" endtime="20210909 09:55:36.446"/>
</kw>
<status status="FAIL" starttime="20210909 09:55:36.444" endtime="20210909 09:55:36.447"/>
</kw>
<tag>UI</tag>
<status status="FAIL" starttime="20210909 09:55:34.407" endtime="20210909 09:55:36.448">ValueError: Argument 'timeout' got value 'Data calculated on the client side.' that cannot be converted to timedelta or None.</status>
</test>
<kw name="Close Browser" library="SeleniumLibrary" type="TEARDOWN">
<doc>Closes the current browser.</doc>
<status status="PASS" starttime="20210909 09:55:36.450" endtime="20210909 09:55:38.544"/>
</kw>
<doc>Check text displayed</doc>
<status status="FAIL" starttime="20210909 09:55:34.191" endtime="20210909 09:55:38.544"/>
</suite>
<statistics>
<total>
<stat pass="0" fail="1" skip="0">All Tests</stat>
</total>
<tag>
<stat pass="0" fail="1" skip="0">UI</stat>
</tag>
<suite>
<stat pass="0" fail="1" skip="0" id="s1" name="TestClientDelay">TestClientDelay</stat>
</suite>
</statistics>
<errors>
</errors>
</robot>
